# JRE version: OpenJDK Runtime Environment (8.0_152-b01) (build 1.8.0_152-release-915-b01)
# Java VM: OpenJDK 64-Bit Server VM (25.152-b01 mixed mode windows-amd64 compressed oops)
Heap:
 PSYoungGen      total 175104K, used 174723K [0x00000000e0000000, 0x00000000ec900000, 0x0000000100000000)
  eden space 152576K, 99% used [0x00000000e0000000,0x00000000e94a8480,0x00000000e9500000)
  from space 22528K, 99% used [0x00000000eb180000,0x00000000ec778a48,0x00000000ec780000)
  to   space 26624K, 0% used [0x00000000e9500000,0x00000000e9500000,0x00000000eaf00000)
 ParOldGen       total 124416K, used 123801K [0x00000000a0000000, 0x00000000a7980000, 0x00000000e0000000)
  object space 124416K, 99% used [0x00000000a0000000,0x00000000a78e6540,0x00000000a7980000)
 Metaspace       used 77476K, capacity 81560K, committed 81624K, reserved 1120256K
  class space    used 9991K, capacity 10992K, committed 11008K, reserved 1048576K
GC Heap History (10 events):
Event: 211.182 GC heap after
Heap after GC invocations=25 (full 3):
 PSYoungGen      total 169984K, used 17404K [0x00000000e0000000, 0x00000000ed180000, 0x0000000100000000)
  eden space 152576K, 0% used [0x00000000e0000000,0x00000000e0000000,0x00000000e9500000)
  from space 17408K, 99% used [0x00000000eab00000,0x00000000ebbff278,0x00000000ebc00000)
  to   space 22528K, 0% used [0x00000000e9500000,0x00000000e9500000,0x00000000eab00000)
 ParOldGen       total 75264K, used 50204K [0x00000000a0000000, 0x00000000a4980000, 0x00000000e0000000)
  object space 75264K, 66% used [0x00000000a0000000,0x00000000a3107228,0x00000000a4980000)
 Metaspace       used 67975K, capacity 71150K, committed 71384K, reserved 1112064K
  class space    used 8883K, capacity 9715K, committed 9728K, reserved 1048576K
}
Event: 239.111 GC heap before
{Heap before GC invocations=26 (full 3):
 PSYoungGen      total 169984K, used 169980K [0x00000000e0000000, 0x00000000ed180000, 0x0000000100000000)
  eden space 152576K, 100% used [0x00000000e0000000,0x00000000e9500000,0x00000000e9500000)
  from space 17408K, 99% used [0x00000000eab00000,0x00000000ebbff278,0x00000000ebc00000)
  to   space 22528K, 0% used [0x00000000e9500000,0x00000000e9500000,0x00000000eab00000)
 ParOldGen       total 75264K, used 50204K [0x00000000a0000000, 0x00000000a4980000, 0x00000000e0000000)
  object space 75264K, 66% used [0x00000000a0000000,0x00000000a3107228,0x00000000a4980000)
 Metaspace       used 69457K, capacity 72726K, committed 72920K, reserved 1112064K
  class space    used 9076K, capacity 9917K, committed 9984K, reserved 1048576K
Event: 239.149 GC heap after
Heap after GC invocations=26 (full 3):
 PSYoungGen      total 175104K, used 11566K [0x00000000e0000000, 0x00000000ed080000, 0x0000000100000000)
  eden space 152576K, 0% used [0x00000000e0000000,0x00000000e0000000,0x00000000e9500000)
  from space 22528K, 51% used [0x00000000e9500000,0x00000000ea04ba58,0x00000000eab00000)
  to   space 22528K, 0% used [0x00000000eba80000,0x00000000eba80000,0x00000000ed080000)
 ParOldGen       total 75264K, used 57146K [0x00000000a0000000, 0x00000000a4980000, 0x00000000e0000000)
  object space 75264K, 75% used [0x00000000a0000000,0x00000000a37cebe0,0x00000000a4980000)
 Metaspace       used 69457K, capacity 72726K, committed 72920K, reserved 1112064K
  class space    used 9076K, capacity 9917K, committed 9984K, reserved 1048576K
}
Event: 269.137 GC heap before
{Heap before GC invocations=27 (full 3):
 PSYoungGen      total 175104K, used 164142K [0x00000000e0000000, 0x00000000ed080000, 0x0000000100000000)
  eden space 152576K, 100% used [0x00000000e0000000,0x00000000e9500000,0x00000000e9500000)
  from space 22528K, 51% used [0x00000000e9500000,0x00000000ea04ba58,0x00000000eab00000)
  to   space 22528K, 0% used [0x00000000eba80000,0x00000000eba80000,0x00000000ed080000)
 ParOldGen       total 75264K, used 57146K [0x00000000a0000000, 0x00000000a4980000, 0x00000000e0000000)
  object space 75264K, 75% used [0x00000000a0000000,0x00000000a37cebe0,0x00000000a4980000)
 Metaspace       used 69692K, capacity 73076K, committed 73176K, reserved 1112064K
  class space    used 9089K, capacity 9934K, committed 9984K, reserved 1048576K
Event: 269.155 GC heap after
Heap after GC invocations=27 (full 3):
 PSYoungGen      total 183808K, used 11302K [0x00000000e0000000, 0x00000000ecc00000, 0x0000000100000000)
  eden space 165888K, 0% used [0x00000000e0000000,0x00000000e0000000,0x00000000ea200000)
  from space 17920K, 63% used [0x00000000eba80000,0x00000000ec5899a8,0x00000000ecc00000)
  to   space 21504K, 0% used [0x00000000ea200000,0x00000000ea200000,0x00000000eb700000)
 ParOldGen       total 75264K, used 57154K [0x00000000a0000000, 0x00000000a4980000, 0x00000000e0000000)
  object space 75264K, 75% used [0x00000000a0000000,0x00000000a37d0be0,0x00000000a4980000)
 Metaspace       used 69692K, capacity 73076K, committed 73176K, reserved 1112064K
  class space    used 9089K, capacity 9934K, committed 9984K, reserved 1048576K
}
Event: 4209.980 GC heap before
{Heap before GC invocations=28 (full 3):
 PSYoungGen      total 183808K, used 177190K [0x00000000e0000000, 0x00000000ecc00000, 0x0000000100000000)
  eden space 165888K, 100% used [0x00000000e0000000,0x00000000ea200000,0x00000000ea200000)
  from space 17920K, 63% used [0x00000000eba80000,0x00000000ec5899a8,0x00000000ecc00000)
  to   space 21504K, 0% used [0x00000000ea200000,0x00000000ea200000,0x00000000eb700000)
 ParOldGen       total 75264K, used 57154K [0x00000000a0000000, 0x00000000a4980000, 0x00000000e0000000)
  object space 75264K, 75% used [0x00000000a0000000,0x00000000a37d0be0,0x00000000a4980000)
 Metaspace       used 71146K, capacity 75080K, committed 75224K, reserved 1114112K
  class space    used 9254K, capacity 10208K, committed 10240K, reserved 1048576K
Event: 4213.539 GC heap after
Heap after GC invocations=28 (full 3):
 PSYoungGen      total 174592K, used 15213K [0x00000000e0000000, 0x00000000ec780000, 0x0000000100000000)
  eden space 159232K, 0% used [0x00000000e0000000,0x00000000e0000000,0x00000000e9b80000)
  from space 15360K, 99% used [0x00000000ea200000,0x00000000eb0db7a0,0x00000000eb100000)
  to   space 22528K, 0% used [0x00000000eb180000,0x00000000eb180000,0x00000000ec780000)
 ParOldGen       total 75264K, used 57162K [0x00000000a0000000, 0x00000000a4980000, 0x00000000e0000000)
  object space 75264K, 75% used [0x00000000a0000000,0x00000000a37d2be0,0x00000000a4980000)
 Metaspace       used 71146K, capacity 75080K, committed 75224K, reserved 1114112K
  class space    used 9254K, capacity 10208K, committed 10240K, reserved 1048576K
}
Event: 4231.810 GC heap before
{Heap before GC invocations=29 (full 3):
 PSYoungGen      total 174592K, used 174445K [0x00000000e0000000, 0x00000000ec780000, 0x0000000100000000)
  eden space 159232K, 100% used [0x00000000e0000000,0x00000000e9b80000,0x00000000e9b80000)
  from space 15360K, 99% used [0x00000000ea200000,0x00000000eb0db7a0,0x00000000eb100000)
  to   space 22528K, 0% used [0x00000000eb180000,0x00000000eb180000,0x00000000ec780000)
 ParOldGen       total 75264K, used 57166K [0x00000000a0000000, 0x00000000a4980000, 0x00000000e0000000)
  object space 75264K, 75% used [0x00000000a0000000,0x00000000a37d3bf0,0x00000000a4980000)
 Metaspace       used 76633K, capacity 80528K, committed 80728K, reserved 1120256K
  class space    used 9860K, capacity 10828K, committed 10880K, reserved 1048576K
Event: 4232.177 GC heap after
Heap after GC invocations=29 (full 3):
 PSYoungGen      total 175104K, used 22498K [0x00000000e0000000, 0x00000000ec900000, 0x0000000100000000)
  eden space 152576K, 0% used [0x00000000e0000000,0x00000000e0000000,0x00000000e9500000)
  from space 22528K, 99% used [0x00000000eb180000,0x00000000ec778a48,0x00000000ec780000)
  to   space 26624K, 0% used [0x00000000e9500000,0x00000000e9500000,0x00000000eaf00000)
 ParOldGen       total 75264K, used 59288K [0x00000000a0000000, 0x00000000a4980000, 0x00000000e0000000)
  object space 75264K, 78% used [0x00000000a0000000,0x00000000a39e6150,0x00000000a4980000)
 Metaspace       used 76633K, capacity 80528K, committed 80728K, reserved 1120256K
  class space    used 9860K, capacity 10828K, committed 10880K, reserved 1048576K
}
Event: 4242.570 GC heap before
{Heap before GC invocations=30 (full 4):
 PSYoungGen      total 175104K, used 174723K [0x00000000e0000000, 0x00000000ec900000, 0x0000000100000000)
  eden space 152576K, 99% used [0x00000000e0000000,0x00000000e94a8480,0x00000000e9500000)
  from space 22528K, 99% used [0x00000000eb180000,0x00000000ec778a48,0x00000000ec780000)
  to   space 26624K, 0% used [0x00000000e9500000,0x00000000e9500000,0x00000000eaf00000)
 ParOldGen       total 124416K, used 123801K [0x00000000a0000000, 0x00000000a7980000, 0x00000000e0000000)
  object space 124416K, 99% used [0x00000000a0000000,0x00000000a78e6540,0x00000000a7980000)
 Metaspace       used 77476K, capacity 81560K, committed 81624K, reserved 1120256K
  class space    used 9991K, capacity 10992K, committed 11008K, reserved 1048576K

